Project=      C:\lib\src\AMPEEngine.dll.mak\028\AMPEEngine.dll.mak
FileCopy=     C:\lib\src\_AMPEEngine.dll.development.setup.bat\008\_AMPEEngine.dll.Development.Setup.bat
FileCopy=     C:\lib\src\_AMPEEngine.dll.development.takedown.bat\008\_AMPEEngine.dll.Development.Takedown.bat
FileCopy=     C:\lib\src\AESFiscal.res\003\AESFiscal.RES
FileCopy=     C:\lib\src\AMPEEngine.cls\003\AMPEEngine.cls
FileCopy=     C:\lib\src\AMPEEngine.vbp\028\AMPEEngine.vbp
FileCopy=     C:\lib\src\AMPEEngine.dll\028\AMPEEngine.dll
FileCopy=     C:\lib\src\AMPEEngine.dll.cmp\001\AMPEEngine.dll.cmp
FileCopy=     C:\lib\src\AMPEEngine.exp\028\AMPEEngine.exp
FileCopy=     C:\lib\src\AMPEEngine.lib\028\AMPEEngine.lib
FileCopy=     C:\lib\src\ArrayConst.bas\007\ArrayConst.bas
FileCopy=     C:\lib\src\BONUS01A.BAS\004\BONUS01A.BAS
FileCopy=     C:\lib\src\CASHFLO1.BAS\031\CASHFLO1.BAS
FileCopy=     C:\lib\src\CASHFLO2.BAS\004\CASHFLO2.BAS
FileCopy=     C:\lib\src\CDASPEAmountsSeq.cls\001\CDASPEAmountsSeq.cls
FileCopy=     C:\lib\src\CDASPENamesSeq.cls\001\CDASPENamesSeq.cls
FileCopy=     C:\lib\src\CDGiantRptPageMapSeqA.cls\002\CDGiantRptPageMapSeqA.cls
FileCopy=     C:\lib\src\CDGiantRptPageMapSeqB.cls\002\CDGiantRptPageMapSeqB.cls
FileCopy=     C:\lib\src\CDGiantRptPageMapSeqC.cls\002\CDGiantRptPageMapSeqC.cls
FileCopy=     C:\lib\src\CDGiantRptPageMapSeqD.cls\001\CDGiantRptPageMapSeqD.cls
FileCopy=     C:\lib\src\CDPersistFormatDummy.cls\002\CDPersistFormatDummy.cls
FileCopy=     C:\lib\src\CEFSFileSeq.cls\005\CEFSFileSeq.cls
FileCopy=     C:\lib\src\CEFSFileSpec.cls\002\CEFSFileSpec.cls
FileCopy=     C:\lib\src\CFmtGntRptPgAToASPENames.cls\001\CFmtGntRptPgAToASPENames.cls
FileCopy=     C:\lib\src\CFmtGntRptPgDToASPENames.cls\001\CFmtGntRptPgDToASPENames.cls
FileCopy=     C:\lib\src\CFmtGntRptPgGToASPENames.cls\001\CFmtGntRptPgGToASPENames.cls
FileCopy=     C:\lib\src\CFmtGntRptPgHToASPENames.cls\001\CFmtGntRptPgHToASPENames.cls
FileCopy=     C:\lib\src\CGiantReport1.cls\009\CGiantReport1.cls
FileCopy=     C:\lib\src\CGiantRptPageA1.cls\009\CGiantRptPageA1.cls
FileCopy=     C:\lib\src\CGiantRptPageB1.cls\006\CGiantRptPageB1.cls
FileCopy=     C:\lib\src\CGiantRptPageC1.cls\008\CGiantRptPageC1.cls
FileCopy=     C:\lib\src\CGiantRptPageD1.cls\008\CGiantRptPageD1.cls
FileCopy=     C:\lib\src\CGiantRptPageE1.cls\002\CGiantRptPageE1.cls
FileCopy=     C:\lib\src\CGiantRptPageF1.cls\002\CGiantRptPageF1.cls
FileCopy=     C:\lib\src\CGiantRptPageG1.cls\004\CGiantRptPageG1.cls
FileCopy=     C:\lib\src\CGiantRptPageH1.cls\003\CGiantRptPageH1.cls
FileCopy=     C:\lib\src\CGiantRptPageHdr1.cls\003\CGiantRptPageHdr1.cls
FileCopy=     C:\lib\src\CGiantRptPageHdrFormatSeq.cls\001\CGiantRptPageHdrFormatSeq.cls
FileCopy=     C:\lib\src\CGiantRptPageIndFormatSeq.cls\001\CGiantRptPageIndFormatSeq.cls
FileCopy=     C:\lib\src\CGiantRptPagePRTFormatSeq.cls\001\CGiantRptPagePRTFormatSeq.cls
FileCopy=     C:\lib\src\CGiantRptPageStdFormatSeq.cls\001\CGiantRptPageStdFormatSeq.cls
FileCopy=     C:\lib\src\CGiantRptPageStdFormatASPEAmts.cls\002\CGiantRptPageStdFormatASPEAmts.cls
FileCopy=     C:\lib\src\CGiantRptPageStdFormatASPEInts.cls\002\CGiantRptPageStdFormatASPEInts.cls
FileCopy=     C:\lib\src\CReportText1.cls\001\CReportText1.cls
FileCopy=     C:\lib\src\CTY1000A.BAS\024\CTY1000A.BAS
FileCopy=     c:\lib\src\CTY1210A.BAS\001\CTY1210A.BAS
FileCopy=     c:\lib\src\CTY2000A.BAS\001\CTY2000A.BAS
FileCopy=     C:\lib\src\CTYIN1.BAS\009\CTYIN1.BAS
FileCopy=     C:\lib\src\CURRENCY.BAS\007\CURRENCY.BAS
FileCopy=     C:\lib\src\CXFileSystemDisk1.cls\001\CXFileSystemDisk1.cls
FileCopy=     C:\lib\src\CXFileSystemMem1.cls\001\CXFileSystemMem1.cls
FileCopy=     C:\lib\src\CXFSFileSeqMemVnt.cls\002\CXFSFileSeqMemVnt.cls
FileCopy=     C:\lib\src\DEPREC.BAS\016\DEPREC.BAS
FileCopy=     C:\lib\src\DLL1000A.BAS\002\DLL1000A.bas
FileCopy=     C:\lib\src\DTREECON.bas\001\DTREECON.bas
FileCopy=     C:\lib\src\DTA2000A.BAS\010\DTA2000A.BAS
FileCopy=     C:\lib\src\excel.bas\010\excel.bas
FileCopy=     C:\lib\src\EXE1000A.BAS\024\EXE1000A.BAS
FileCopy=     C:\lib\src\FISCAL1B.BAS\035\FISCAL1B.BAS
FileCopy=     C:\lib\src\FORECAST.BAS\025\FORECAST.BAS
FileCopy=     C:\lib\src\GNTCON.BAS\006\GNTCON.BAS
FileCopy=     C:\lib\src\GROSSRPT.BAS\009\GROSSRPT.BAS
FileCopy=     C:\lib\src\IDGiantRptPageD.cls\001\IDGiantRptPageD.cls
FileCopy=     C:\lib\src\IDGiantRptPageG.cls\001\IDGiantRptPageG.cls
FileCopy=     C:\lib\src\IDGiantRptPageH.cls\001\IDGiantRptPageH.cls
FileCopy=     C:\lib\src\IDGiantRptPageStd.cls\001\IDGiantRptPageStd.cls
FileCopy=     C:\lib\src\IDGiantRptPageInd.cls\001\IDGiantRptPageInd.cls
FileCopy=     C:\lib\src\IDPersistClassMap.cls\001\IDPersistClassMap.cls
FileCopy=     C:\lib\src\IDPersistFormat.cls\001\IDPersistFormat.cls
FileCopy=     C:\lib\src\IDPersistObject.cls\001\IDPersistObject.cls
FileCopy=     C:\lib\src\IDPersistObjectTable.cls\001\IDPersistObjectTable.cls
FileCopy=     C:\lib\src\IDStore.cls\001\IDStore.cls
FileCopy=     C:\lib\src\IDStoreSeq.cls\001\IDStoreSeq.cls
FileCopy=     C:\lib\src\IEFSFile.cls\002\IEFSFile.cls
FileCopy=     C:\lib\src\IEFSFileSeq.cls\002\IEFSFileSeq.cls
FileCopy=     C:\lib\src\IEFSFileSeqIn.cls\003\IEFSFileSeqIn.cls
FileCopy=     C:\lib\src\IEFSFileSeqOut.cls\003\IEFSFileSeqOut.cls
FileCopy=     C:\lib\src\IGiantRptPageAssignStd.cls\001\IGiantRptPageAssignStd.cls
FileCopy=     C:\lib\src\IGiantRptPageAssignSub.cls\002\IGiantRptPageAssignSub.cls
FileCopy=     C:\lib\src\ITFileSystem1.cls\001\ITFileSystem1.cls
FileCopy=     C:\lib\src\IVariableTitlesA.cls\001\IVariableTitlesA.cls
FileCopy=     C:\lib\src\licence.cls\003\Licence.cls
FileCopy=     C:\lib\src\LOAN.BAS\006\LOAN.BAS
FileCopy=     C:\lib\src\MAbandonment.bas\016\MAbandonment.bas
FileCopy=     C:\lib\src\MCapExp1.bas\003\MCapExp1.bas
FileCopy=     C:\lib\src\MForecastUtilsA.bas\001\MForecastUtilsA.bas
FileCopy=     C:\lib\src\MGiantReport1.bas\014\MGiantReport1.bas
FileCopy=     C:\lib\src\PARTIC.BAS\007\PARTIC.BAS
FileCopy=     c:\lib\src\PGM9010A.BAS\004\PGM9010A.BAS
FileCopy=     C:\lib\src\PGM9900B.BAS\006\PGM9900B.BAS
FileCopy=     C:\lib\src\PRT.bas\007\PRT.bas
FileCopy=     c:\lib\src\registerdll.bat\001\registerdll.bat
FileCopy=     C:\lib\src\REPAY.BAS\009\REPAY.BAS
FileCopy=     C:\lib\src\RUN0100B.BAS\003\RUN0100B.BAS
FileCopy=     c:\lib\src\RUN0200C.BAS\001\RUN0200C.BAS
FileCopy=     C:\lib\src\RVSCON.bas\007\RVSCON.bas
FileCopy=     c:\lib\src\UDTBDA.BAS\001\UDTBDA.BAS
FileCopy=     c:\lib\src\UDTBNS.BAS\001\UDTBNS.BAS
FileCopy=     c:\lib\src\UDTCDREC.BAS\001\UDTCDREC.BAS
FileCopy=     c:\lib\src\UDTCLD.BAS\001\UDTCLD.BAS
FileCopy=     c:\lib\src\UDTCLR.BAS\001\UDTCLR.BAS
FileCopy=     c:\lib\src\UDTCMP.BAS\001\UDTCMP.BAS
FileCopy=     c:\lib\src\UDTCPX.BAS\001\UDTCPX.BAS
FileCopy=     C:\lib\src\UDTDEF.BAS\002\UDTDEF.BAS
FileCopy=     c:\lib\src\UDTDPL.BAS\001\UDTDPL.BAS
FileCopy=     c:\lib\src\UDTDPR.BAS\001\UDTDPR.BAS
FileCopy=     c:\lib\src\UDTEBL.BAS\001\UDTEBL.BAS
FileCopy=     c:\lib\src\UDTEXB.BAS\001\UDTEXB.BAS
FileCopy=     c:\lib\src\UDTGNL.BAS\001\UDTGNL.BAS
FileCopy=     c:\lib\src\UDTMRP.BAS\001\UDTMRP.BAS
FileCopy=     C:\lib\src\UDTPARM.BAS\001\UDTPARM.BAS
FileCopy=     c:\lib\src\UDTPDC.BAS\001\UDTPDC.BAS
FileCopy=     c:\lib\src\UDTPDT.BAS\001\UDTPDT.BAS
FileCopy=     c:\lib\src\UDTPRC.BAS\001\UDTPRC.BAS
FileCopy=     c:\lib\src\UDTPRM.BAS\001\UDTPRM.BAS
FileCopy=     c:\lib\src\UDTPRR.BAS\001\UDTPRR.BAS
FileCopy=     c:\lib\src\UDTPRT.BAS\001\UDTPRT.BAS
FileCopy=     c:\lib\src\UDTRN.BAS\001\UDTRN.BAS
FileCopy=     c:\lib\src\UDTRTE.BAS\001\UDTRTE.BAS
FileCopy=     c:\lib\src\UDTSAL.BAS\001\UDTSAL.BAS
FileCopy=     c:\lib\src\UDTTTL.BAS\001\UDTTTL.BAS
FileCopy=     c:\lib\src\unregisterdll.bat\001\unregisterdll.bat
FileCopy=     C:\lib\src\UTIL5A.BAS\019\UTIL5A.BAS
FileCopy=     C:\lib\src\VENFEE1A.BAS\005\VENFEE1A.BAS
FileCopy=     C:\lib\src\ITFileSystem1.cls\001\ITFileSystem1.cls
FileCopy=     C:\lib\src\CXFileSystemMem1.cls\001\CXFileSystemMem1.cls
FileCopy=     C:\lib\src\CXFSFileSeqMemVnt.cls\002\CXFSFileSeqMemVnt.cls
FileCopy=     C:\lib\src\IDGiantRunSummaryA.cls\002\IDGiantRunSummaryA.cls
FileCopy=     C:\lib\src\CSFGiantRunSummarySeqA.cls\002\CSFGiantRunSummarySeqA.cls
FileCopy=     C:\lib\src\CSFGiantRunSummarySeqB.cls\002\CSFGiantRunSummarySeqB.cls
FileCopy=     C:\lib\src\CCMGiantRunSummarySeqA.cls\001\CCMGiantRunSummarySeqA.cls
FileCopy=     C:\lib\src\CCMGiantRunSummarySeqB.cls\001\CCMGiantRunSummarySeqB.cls
FileCopy=     C:\lib\src\CDArray1DDblA.cls\001\CDArray1DDblA.cls
FileCopy=     C:\lib\src\MCPXConvert2.bas\001\MCPXConvert2.bas
FileCopy=     C:\lib\src\MEFSNameUtil1.bas\001\MEFSNameUtil1.bas
FileCopy=     C:\lib\src\MFiscalEngineEx.bas\006\MFiscalEngineEx.bas
